<?xml version="1.0" encoding="UTF-8"?>
<!-- Generated by org.testng.reporters.JUnitReportReporter -->
<testsuite skipped="0" hostname="hp-PC" name="demo1.LoginTest" tests="1" failures="0" timestamp="26 Oct 2017 14:41:12 GMT" time="45.000" errors="0">
  <testcase name="searchongooge" time="45.000" classname="demo1.LoginTest"/>
</testsuite> <!-- demo1.LoginTest -->
